# JRE version: OpenJDK Runtime Environment GraalVM CE 22.3.0 (17.0.5+8) (build 17.0.5+8-jvmci-22.3-b08)
# Java VM: OpenJDK 64-Bit Server VM GraalVM CE 22.3.0 (17.0.5+8-jvmci-22.3-b08, mixed mode, sharing, tiered, jvmci, jvmci compiler, compressed oops, compressed class ptrs, parallel gc, linux-amd64)
GC Precious Log:
 CPUs: 8 total, 1 available
 Memory: 1024M
 Large Page Support: Disabled
 NUMA Support: Disabled
 Compressed Oops: Enabled (32-bit)
 Alignments: Space 512K, Generation 512K, Heap 2M
 Heap Min Capacity: 100M
 Heap Initial Capacity: 100M
 Heap Max Capacity: 512M
 Pre-touch: Disabled
 Parallel Workers: 1
Heap:
 PSYoungGen      total 17408K, used 12288K [0x00000000f5580000, 0x00000000f6e00000, 0x0000000100000000)
  eden space 12288K, 100% used [0x00000000f5580000,0x00000000f6180000,0x00000000f6180000)
  from space 5120K, 0% used [0x00000000f6180000,0x00000000f6180000,0x00000000f6680000)
  to   space 5632K, 0% used [0x00000000f6880000,0x00000000f6880000,0x00000000f6e00000)
 ParOldGen       total 349696K, used 349695K [0x00000000e0000000, 0x00000000f5580000, 0x00000000f5580000)
  object space 349696K, 99% used [0x00000000e0000000,0x00000000f557ffe0,0x00000000f5580000)
 Metaspace       used 60724K, committed 61888K, reserved 1105920K
  class space    used 6048K, committed 6528K, reserved 1048576K
GC Heap History (20 events):
Event: 649.578 GC heap before
{Heap before GC invocations=659 (full 501):
 PSYoungGen      total 17408K, used 12288K [0x00000000f5580000, 0x00000000f6e00000, 0x0000000100000000)
  eden space 12288K, 100% used [0x00000000f5580000,0x00000000f6180000,0x00000000f6180000)
  from space 5120K, 0% used [0x00000000f6180000,0x00000000f6180000,0x00000000f6680000)
  to   space 5632K, 0% used [0x00000000f6880000,0x00000000f6880000,0x00000000f6e00000)
 ParOldGen       total 349696K, used 349694K [0x00000000e0000000, 0x00000000f5580000, 0x00000000f5580000)
  object space 349696K, 99% used [0x00000000e0000000,0x00000000f557f8a0,0x00000000f5580000)
 Metaspace       used 60724K, committed 61888K, reserved 1105920K
  class space    used 6048K, committed 6528K, reserved 1048576K
}
Event: 651.601 GC heap after
{Heap after GC invocations=659 (full 501):
 PSYoungGen      total 17920K, used 12287K [0x00000000f5580000, 0x00000000f6e00000, 0x0000000100000000)
  eden space 12288K, 99% used [0x00000000f5580000,0x00000000f617fcb0,0x00000000f6180000)
  from space 5632K, 0% used [0x00000000f6880000,0x00000000f6880000,0x00000000f6e00000)
  to   space 5120K, 0% used [0x00000000f6180000,0x00000000f6180000,0x00000000f6680000)
 ParOldGen       total 349696K, used 349694K [0x00000000e0000000, 0x00000000f5580000, 0x00000000f5580000)
  object space 349696K, 99% used [0x00000000e0000000,0x00000000f557f800,0x00000000f5580000)
 Metaspace       used 60724K, committed 61888K, reserved 1105920K
  class space    used 6048K, committed 6528K, reserved 1048576K
}
Event: 651.676 GC heap before
{Heap before GC invocations=660 (full 502):
 PSYoungGen      total 17920K, used 12287K [0x00000000f5580000, 0x00000000f6e00000, 0x0000000100000000)
  eden space 12288K, 99% used [0x00000000f5580000,0x00000000f617ff38,0x00000000f6180000)
  from space 5632K, 0% used [0x00000000f6880000,0x00000000f6880000,0x00000000f6e00000)
  to   space 5120K, 0% used [0x00000000f6180000,0x00000000f6180000,0x00000000f6680000)
 ParOldGen       total 349696K, used 349694K [0x00000000e0000000, 0x00000000f5580000, 0x00000000f5580000)
  object space 349696K, 99% used [0x00000000e0000000,0x00000000f557f800,0x00000000f5580000)
 Metaspace       used 60724K, committed 61888K, reserved 1105920K
  class space    used 6048K, committed 6528K, reserved 1048576K
}
Event: 655.294 GC heap after
{Heap after GC invocations=660 (full 502):
 PSYoungGen      total 17408K, used 12287K [0x00000000f5580000, 0x00000000f6e00000, 0x0000000100000000)
  eden space 12288K, 99% used [0x00000000f5580000,0x00000000f617fd70,0x00000000f6180000)
  from space 5120K, 0% used [0x00000000f6180000,0x00000000f6180000,0x00000000f6680000)
  to   space 5632K, 0% used [0x00000000f6880000,0x00000000f6880000,0x00000000f6e00000)
 ParOldGen       total 349696K, used 349693K [0x00000000e0000000, 0x00000000f5580000, 0x00000000f5580000)
  object space 349696K, 99% used [0x00000000e0000000,0x00000000f557f738,0x00000000f5580000)
 Metaspace       used 60724K, committed 61888K, reserved 1105920K
  class space    used 6048K, committed 6528K, reserved 1048576K
}
Event: 655.295 GC heap before
{Heap before GC invocations=661 (full 503):
 PSYoungGen      total 17408K, used 12287K [0x00000000f5580000, 0x00000000f6e00000, 0x0000000100000000)
  eden space 12288K, 99% used [0x00000000f5580000,0x00000000f617ffb0,0x00000000f6180000)
  from space 5120K, 0% used [0x00000000f6180000,0x00000000f6180000,0x00000000f6680000)
  to   space 5632K, 0% used [0x00000000f6880000,0x00000000f6880000,0x00000000f6e00000)
 ParOldGen       total 349696K, used 349693K [0x00000000e0000000, 0x00000000f5580000, 0x00000000f5580000)
  object space 349696K, 99% used [0x00000000e0000000,0x00000000f557f738,0x00000000f5580000)
 Metaspace       used 60724K, committed 61888K, reserved 1105920K
  class space    used 6048K, committed 6528K, reserved 1048576K
}
Event: 658.120 GC heap after
{Heap after GC invocations=661 (full 503):
 PSYoungGen      total 17920K, used 12287K [0x00000000f5580000, 0x00000000f6e00000, 0x0000000100000000)
  eden space 12288K, 99% used [0x00000000f5580000,0x00000000f617fc18,0x00000000f6180000)
  from space 5632K, 0% used [0x00000000f6880000,0x00000000f6880000,0x00000000f6e00000)
  to   space 5120K, 0% used [0x00000000f6180000,0x00000000f6180000,0x00000000f6680000)
 ParOldGen       total 349696K, used 349693K [0x00000000e0000000, 0x00000000f5580000, 0x00000000f5580000)
  object space 349696K, 99% used [0x00000000e0000000,0x00000000f557f690,0x00000000f5580000)
 Metaspace       used 60724K, committed 61888K, reserved 1105920K
  class space    used 6048K, committed 6528K, reserved 1048576K
}
Event: 658.124 GC heap before
{Heap before GC invocations=662 (full 504):
 PSYoungGen      total 17920K, used 12287K [0x00000000f5580000, 0x00000000f6e00000, 0x0000000100000000)
  eden space 12288K, 99% used [0x00000000f5580000,0x00000000f617fff0,0x00000000f6180000)
  from space 5632K, 0% used [0x00000000f6880000,0x00000000f6880000,0x00000000f6e00000)
  to   space 5120K, 0% used [0x00000000f6180000,0x00000000f6180000,0x00000000f6680000)
 ParOldGen       total 349696K, used 349693K [0x00000000e0000000, 0x00000000f5580000, 0x00000000f5580000)
  object space 349696K, 99% used [0x00000000e0000000,0x00000000f557f690,0x00000000f5580000)
 Metaspace       used 60724K, committed 61888K, reserved 1105920K
  class space    used 6048K, committed 6528K, reserved 1048576K
}
Event: 659.287 GC heap after
{Heap after GC invocations=662 (full 504):
 PSYoungGen      total 17408K, used 12287K [0x00000000f5580000, 0x00000000f6e00000, 0x0000000100000000)
  eden space 12288K, 99% used [0x00000000f5580000,0x00000000f617ff28,0x00000000f6180000)
  from space 5120K, 0% used [0x00000000f6180000,0x00000000f6180000,0x00000000f6680000)
  to   space 5632K, 0% used [0x00000000f6880000,0x00000000f6880000,0x00000000f6e00000)
 ParOldGen       total 349696K, used 349693K [0x00000000e0000000, 0x00000000f5580000, 0x00000000f5580000)
  object space 349696K, 99% used [0x00000000e0000000,0x00000000f557f5f0,0x00000000f5580000)
 Metaspace       used 60724K, committed 61888K, reserved 1105920K
  class space    used 6048K, committed 6528K, reserved 1048576K
}
Event: 659.289 GC heap before
{Heap before GC invocations=663 (full 505):
 PSYoungGen      total 17408K, used 12287K [0x00000000f5580000, 0x00000000f6e00000, 0x0000000100000000)
  eden space 12288K, 99% used [0x00000000f5580000,0x00000000f617ffb8,0x00000000f6180000)
  from space 5120K, 0% used [0x00000000f6180000,0x00000000f6180000,0x00000000f6680000)
  to   space 5632K, 0% used [0x00000000f6880000,0x00000000f6880000,0x00000000f6e00000)
 ParOldGen       total 349696K, used 349693K [0x00000000e0000000, 0x00000000f5580000, 0x00000000f5580000)
  object space 349696K, 99% used [0x00000000e0000000,0x00000000f557f5f0,0x00000000f5580000)
 Metaspace       used 60724K, committed 61888K, reserved 1105920K
  class space    used 6048K, committed 6528K, reserved 1048576K
}
Event: 660.417 GC heap after
{Heap after GC invocations=663 (full 505):
 PSYoungGen      total 17920K, used 12287K [0x00000000f5580000, 0x00000000f6e00000, 0x0000000100000000)
  eden space 12288K, 99% used [0x00000000f5580000,0x00000000f617ff98,0x00000000f6180000)
  from space 5632K, 0% used [0x00000000f6880000,0x00000000f6880000,0x00000000f6e00000)
  to   space 5120K, 0% used [0x00000000f6180000,0x00000000f6180000,0x00000000f6680000)
 ParOldGen       total 349696K, used 349693K [0x00000000e0000000, 0x00000000f5580000, 0x00000000f5580000)
  object space 349696K, 99% used [0x00000000e0000000,0x00000000f557f5f0,0x00000000f5580000)
 Metaspace       used 60724K, committed 61888K, reserved 1105920K
  class space    used 6048K, committed 6528K, reserved 1048576K
}
Event: 660.417 GC heap before
{Heap before GC invocations=664 (full 506):
 PSYoungGen      total 17920K, used 12288K [0x00000000f5580000, 0x00000000f6e00000, 0x0000000100000000)
  eden space 12288K, 100% used [0x00000000f5580000,0x00000000f6180000,0x00000000f6180000)
  from space 5632K, 0% used [0x00000000f6880000,0x00000000f6880000,0x00000000f6e00000)
  to   space 5120K, 0% used [0x00000000f6180000,0x00000000f6180000,0x00000000f6680000)
 ParOldGen       total 349696K, used 349693K [0x00000000e0000000, 0x00000000f5580000, 0x00000000f5580000)
  object space 349696K, 99% used [0x00000000e0000000,0x00000000f557f5f0,0x00000000f5580000)
 Metaspace       used 60724K, committed 61888K, reserved 1105920K
  class space    used 6048K, committed 6528K, reserved 1048576K
}
Event: 661.675 GC heap after
{Heap after GC invocations=664 (full 506):
 PSYoungGen      total 17408K, used 12287K [0x00000000f5580000, 0x00000000f6e00000, 0x0000000100000000)
  eden space 12288K, 99% used [0x00000000f5580000,0x00000000f617ffc0,0x00000000f6180000)
  from space 5120K, 0% used [0x00000000f6180000,0x00000000f6180000,0x00000000f6680000)
  to   space 5632K, 0% used [0x00000000f6880000,0x00000000f6880000,0x00000000f6e00000)
 ParOldGen       total 349696K, used 349693K [0x00000000e0000000, 0x00000000f5580000, 0x00000000f5580000)
  object space 349696K, 99% used [0x00000000e0000000,0x00000000f557f5f0,0x00000000f5580000)
 Metaspace       used 60724K, committed 61888K, reserved 1105920K
  class space    used 6048K, committed 6528K, reserved 1048576K
}
Event: 661.676 GC heap before
{Heap before GC invocations=665 (full 507):
 PSYoungGen      total 17408K, used 12287K [0x00000000f5580000, 0x00000000f6e00000, 0x0000000100000000)
  eden space 12288K, 99% used [0x00000000f5580000,0x00000000f617fff0,0x00000000f6180000)
  from space 5120K, 0% used [0x00000000f6180000,0x00000000f6180000,0x00000000f6680000)
  to   space 5632K, 0% used [0x00000000f6880000,0x00000000f6880000,0x00000000f6e00000)
 ParOldGen       total 349696K, used 349693K [0x00000000e0000000, 0x00000000f5580000, 0x00000000f5580000)
  object space 349696K, 99% used [0x00000000e0000000,0x00000000f557f5f0,0x00000000f5580000)
 Metaspace       used 60724K, committed 61888K, reserved 1105920K
  class space    used 6048K, committed 6528K, reserved 1048576K
}
Event: 662.839 GC heap after
{Heap after GC invocations=665 (full 507):
 PSYoungGen      total 17920K, used 12287K [0x00000000f5580000, 0x00000000f6e00000, 0x0000000100000000)
  eden space 12288K, 99% used [0x00000000f5580000,0x00000000f617fff0,0x00000000f6180000)
  from space 5632K, 0% used [0x00000000f6880000,0x00000000f6880000,0x00000000f6e00000)
  to   space 5120K, 0% used [0x00000000f6180000,0x00000000f6180000,0x00000000f6680000)
 ParOldGen       total 349696K, used 349693K [0x00000000e0000000, 0x00000000f5580000, 0x00000000f5580000)
  object space 349696K, 99% used [0x00000000e0000000,0x00000000f557f5f0,0x00000000f5580000)
 Metaspace       used 60724K, committed 61888K, reserved 1105920K
  class space    used 6048K, committed 6528K, reserved 1048576K
}
Event: 662.840 GC heap before
{Heap before GC invocations=666 (full 508):
 PSYoungGen      total 17920K, used 12288K [0x00000000f5580000, 0x00000000f6e00000, 0x0000000100000000)
  eden space 12288K, 100% used [0x00000000f5580000,0x00000000f6180000,0x00000000f6180000)
  from space 5632K, 0% used [0x00000000f6880000,0x00000000f6880000,0x00000000f6e00000)
  to   space 5120K, 0% used [0x00000000f6180000,0x00000000f6180000,0x00000000f6680000)
 ParOldGen       total 349696K, used 349695K [0x00000000e0000000, 0x00000000f5580000, 0x00000000f5580000)
  object space 349696K, 99% used [0x00000000e0000000,0x00000000f557fff8,0x00000000f5580000)
 Metaspace       used 60724K, committed 61888K, reserved 1105920K
  class space    used 6048K, committed 6528K, reserved 1048576K
}
Event: 664.186 GC heap after
{Heap after GC invocations=666 (full 508):
 PSYoungGen      total 17408K, used 12287K [0x00000000f5580000, 0x00000000f6e00000, 0x0000000100000000)
  eden space 12288K, 99% used [0x00000000f5580000,0x00000000f617ff88,0x00000000f6180000)
  from space 5120K, 0% used [0x00000000f6180000,0x00000000f6180000,0x00000000f6680000)
  to   space 5632K, 0% used [0x00000000f6880000,0x00000000f6880000,0x00000000f6e00000)
 ParOldGen       total 349696K, used 349694K [0x00000000e0000000, 0x00000000f5580000, 0x00000000f5580000)
  object space 349696K, 99% used [0x00000000e0000000,0x00000000f557f840,0x00000000f5580000)
 Metaspace       used 60724K, committed 61888K, reserved 1105920K
  class space    used 6048K, committed 6528K, reserved 1048576K
}
Event: 664.188 GC heap before
{Heap before GC invocations=667 (full 509):
 PSYoungGen      total 17408K, used 12288K [0x00000000f5580000, 0x00000000f6e00000, 0x0000000100000000)
  eden space 12288K, 100% used [0x00000000f5580000,0x00000000f6180000,0x00000000f6180000)
  from space 5120K, 0% used [0x00000000f6180000,0x00000000f6180000,0x00000000f6680000)
  to   space 5632K, 0% used [0x00000000f6880000,0x00000000f6880000,0x00000000f6e00000)
 ParOldGen       total 349696K, used 349694K [0x00000000e0000000, 0x00000000f5580000, 0x00000000f5580000)
  object space 349696K, 99% used [0x00000000e0000000,0x00000000f557f9a8,0x00000000f5580000)
 Metaspace       used 60724K, committed 61888K, reserved 1105920K
  class space    used 6048K, committed 6528K, reserved 1048576K
}
Event: 665.374 GC heap after
{Heap after GC invocations=667 (full 509):
 PSYoungGen      total 17920K, used 12287K [0x00000000f5580000, 0x00000000f6e00000, 0x0000000100000000)
  eden space 12288K, 99% used [0x00000000f5580000,0x00000000f617ff00,0x00000000f6180000)
  from space 5632K, 0% used [0x00000000f6880000,0x00000000f6880000,0x00000000f6e00000)
  to   space 5120K, 0% used [0x00000000f6180000,0x00000000f6180000,0x00000000f6680000)
 ParOldGen       total 349696K, used 349694K [0x00000000e0000000, 0x00000000f5580000, 0x00000000f5580000)
  object space 349696K, 99% used [0x00000000e0000000,0x00000000f557f820,0x00000000f5580000)
 Metaspace       used 60724K, committed 61888K, reserved 1105920K
  class space    used 6048K, committed 6528K, reserved 1048576K
}
Event: 665.374 GC heap before
{Heap before GC invocations=668 (full 510):
 PSYoungGen      total 17920K, used 12287K [0x00000000f5580000, 0x00000000f6e00000, 0x0000000100000000)
  eden space 12288K, 99% used [0x00000000f5580000,0x00000000f617ff00,0x00000000f6180000)
  from space 5632K, 0% used [0x00000000f6880000,0x00000000f6880000,0x00000000f6e00000)
  to   space 5120K, 0% used [0x00000000f6180000,0x00000000f6180000,0x00000000f6680000)
 ParOldGen       total 349696K, used 349694K [0x00000000e0000000, 0x00000000f5580000, 0x00000000f5580000)
  object space 349696K, 99% used [0x00000000e0000000,0x00000000f557f820,0x00000000f5580000)
 Metaspace       used 60724K, committed 61888K, reserved 1105920K
  class space    used 6048K, committed 6528K, reserved 1048576K
}
Event: 666.618 GC heap after
{Heap after GC invocations=668 (full 510):
 PSYoungGen      total 17408K, used 12287K [0x00000000f5580000, 0x00000000f6e00000, 0x0000000100000000)
  eden space 12288K, 99% used [0x00000000f5580000,0x00000000f617ff00,0x00000000f6180000)
  from space 5120K, 0% used [0x00000000f6180000,0x00000000f6180000,0x00000000f6680000)
  to   space 5632K, 0% used [0x00000000f6880000,0x00000000f6880000,0x00000000f6e00000)
 ParOldGen       total 349696K, used 349694K [0x00000000e0000000, 0x00000000f5580000, 0x00000000f5580000)
  object space 349696K, 99% used [0x00000000e0000000,0x00000000f557f820,0x00000000f5580000)
 Metaspace       used 60724K, committed 61888K, reserved 1105920K
  class space    used 6048K, committed 6528K, reserved 1048576K
}

